Using pre-set license
Built from '2021.3/staging' branch; Version is '2021.3.10f1 (1c7d0df0160b) revision 1867021'; Using compiler version '192829333'; Build Type 'Release'
OS: 'Windows 11  (10.0.22621) 64bit CoreSingleLanguage' Language: 'en' Physical Memory: 7930 MB
BatchMode: 1, IsHumanControllingUs: 0, StartBugReporterOnCrash: 0, Is64bit: 1, IsPro: 1

COMMAND LINE ARGUMENTS:
D:\Programs\UnityEditor\2021.3.10f1\Editor\Unity.exe
-adb2
-batchMode
-noUpm
-name
AssetImportWorker2
-projectPath
D:/Projects/Unity/InfiniteLoop
-logFile
Logs/AssetImportWorker2.log
-srvPort
49684
Successfully changed project path to: D:/Projects/Unity/InfiniteLoop
D:/Projects/Unity/InfiniteLoop
[UnityMemory] Configuration Parameters - Can be set up in boot.config
    "memorysetup-bucket-allocator-granularity=16"
    "memorysetup-bucket-allocator-bucket-count=8"
    "memorysetup-bucket-allocator-block-size=33554432"
    "memorysetup-bucket-allocator-block-count=8"
    "memorysetup-main-allocator-block-size=16777216"
    "memorysetup-thread-allocator-block-size=16777216"
    "memorysetup-gfx-main-allocator-block-size=16777216"
    "memorysetup-gfx-thread-allocator-block-size=16777216"
    "memorysetup-cache-allocator-block-size=4194304"
    "memorysetup-typetree-allocator-block-size=2097152"
    "memorysetup-profiler-bucket-allocator-granularity=16"
    "memorysetup-profiler-bucket-allocator-bucket-count=8"
    "memorysetup-profiler-bucket-allocator-block-size=33554432"
    "memorysetup-profiler-bucket-allocator-block-count=8"
    "memorysetup-profiler-allocator-block-size=16777216"
    "memorysetup-profiler-editor-allocator-block-size=1048576"
    "memorysetup-temp-allocator-size-main=16777216"
    "memorysetup-job-temp-allocator-block-size=2097152"
    "memorysetup-job-temp-allocator-block-size-background=1048576"
    "memorysetup-job-temp-allocator-reduction-small-platforms=262144"
    "memorysetup-temp-allocator-size-background-worker=32768"
    "memorysetup-temp-allocator-size-job-worker=262144"
    "memorysetup-temp-allocator-size-preload-manager=33554432"
    "memorysetup-temp-allocator-size-nav-mesh-worker=65536"
    "memorysetup-temp-allocator-size-audio-worker=65536"
    "memorysetup-temp-allocator-size-cloud-worker=32768"
    "memorysetup-temp-allocator-size-gi-baking-worker=262144"
    "memorysetup-temp-allocator-size-gfx=262144"
Refreshing native plugins compatible for Editor in 43.97 ms, found 2 plugins.
Preloading 0 native plugins for Editor in 0.00 ms.
Initialize engine version: 2021.3.10f1 (1c7d0df0160b)
[Subsystems] Discovering subsystems at path D:/Programs/UnityEditor/2021.3.10f1/Editor/Data/Resources/UnitySubsystems
[Subsystems] Discovering subsystems at path D:/Projects/Unity/InfiniteLoop/Assets
GfxDevice: creating device client; threaded=0; jobified=0
Direct3D:
    Version:  Direct3D 11.0 [level 11.1]
    Renderer: NVIDIA GeForce RTX 3050 Laptop GPU (ID=0x25a5)
    Vendor:   NVIDIA
    VRAM:     3991 MB
    Driver:   31.0.15.1720
Initialize mono
Mono path[0] = 'D:/Programs/UnityEditor/2021.3.10f1/Editor/Data/Managed'
Mono path[1] = 'D:/Programs/UnityEditor/2021.3.10f1/Editor/Data/MonoBleedingEdge/lib/mono/unityjit-win32'
Mono config path = 'D:/Programs/UnityEditor/2021.3.10f1/Editor/Data/MonoBleedingEdge/etc'
Using monoOptions --debugger-agent=transport=dt_socket,embedding=1,server=y,suspend=n,address=127.0.0.1:56996
Begin MonoManager ReloadAssembly
Registering precompiled unity dll's ...
Register platform support module: D:/Programs/UnityEditor/2021.3.10f1/Editor/Data/PlaybackEngines/WebGLSupport/UnityEditor.WebGL.Extensions.dll
Register platform support module: D:/Programs/UnityEditor/2021.3.10f1/Editor/Data/PlaybackEngines/AndroidPlayer/UnityEditor.Android.Extensions.dll
Register platform support module: D:/Programs/UnityEditor/2021.3.10f1/Editor/Data/PlaybackEngines/WindowsStandaloneSupport/UnityEditor.WindowsStandalone.Extensions.dll
Registered in 0.001643 seconds.
Native extension for WindowsStandalone target not found
Native extension for Android target not found
Native extension for WebGL target not found
Refreshing native plugins compatible for Editor in 49.26 ms, found 2 plugins.
Preloading 0 native plugins for Editor in 0.00 ms.
Mono: successfully reloaded assembly
- Completed reload, in  0.584 seconds
Domain Reload Profiling:
	ReloadAssembly (584ms)
		BeginReloadAssembly (85ms)
			ExecutionOrderSort (0ms)
			DisableScriptedObjects (0ms)
			BackupInstance (0ms)
			ReleaseScriptingObjects (0ms)
			CreateAndSetChildDomain (1ms)
		EndReloadAssembly (412ms)
			LoadAssemblies (84ms)
			RebuildTransferFunctionScriptingTraits (0ms)
			SetupTypeCache (105ms)
			ReleaseScriptCaches (0ms)
			RebuildScriptCaches (31ms)
			SetupLoadedEditorAssemblies (232ms)
				LogAssemblyErrors (0ms)
				InitializePlatformSupportModulesInManaged (60ms)
				SetLoadedEditorAssemblies (0ms)
				RefreshPlugins (49ms)
				BeforeProcessingInitializeOnLoad (1ms)
				ProcessInitializeOnLoadAttributes (83ms)
				ProcessInitializeOnLoadMethodAttributes (38ms)
				AfterProcessingInitializeOnLoad (0ms)
				EditorAssembliesLoaded (0ms)
			ExecutionOrderSort2 (0ms)
			AwakeInstancesAfterBackupRestoration (0ms)
Platform modules already initialized, skipping
Registering precompiled user dll's ...
Registered in 0.002124 seconds.
Begin MonoManager ReloadAssembly
Native extension for WindowsStandalone target not found
Native extension for Android target not found
Native extension for WebGL target not found
Refreshing native plugins compatible for Editor in 41.61 ms, found 2 plugins.
Preloading 0 native plugins for Editor in 0.00 ms.
Mono: successfully reloaded assembly
- Completed reload, in  1.082 seconds
Domain Reload Profiling:
	ReloadAssembly (1083ms)
		BeginReloadAssembly (225ms)
			ExecutionOrderSort (0ms)
			DisableScriptedObjects (4ms)
			BackupInstance (0ms)
			ReleaseScriptingObjects (0ms)
			CreateAndSetChildDomain (134ms)
		EndReloadAssembly (764ms)
			LoadAssemblies (94ms)
			RebuildTransferFunctionScriptingTraits (0ms)
			SetupTypeCache (218ms)
			ReleaseScriptCaches (1ms)
			RebuildScriptCaches (45ms)
			SetupLoadedEditorAssemblies (389ms)
				LogAssemblyErrors (0ms)
				InitializePlatformSupportModulesInManaged (15ms)
				SetLoadedEditorAssemblies (1ms)
				RefreshPlugins (42ms)
				BeforeProcessingInitializeOnLoad (61ms)
				ProcessInitializeOnLoadAttributes (197ms)
				ProcessInitializeOnLoadMethodAttributes (72ms)
				AfterProcessingInitializeOnLoad (2ms)
				EditorAssembliesLoaded (0ms)
			ExecutionOrderSort2 (0ms)
			AwakeInstancesAfterBackupRestoration (6ms)
Platform modules already initialized, skipping
========================================================================
Worker process is ready to serve import requests
Launched and connected shader compiler UnityShaderCompiler.exe after 0.04 seconds
Refreshing native plugins compatible for Editor in 2.16 ms, found 2 plugins.
Preloading 0 native plugins for Editor in 0.00 ms.
Unloading 3511 Unused Serialized files (Serialized files now loaded: 0)
Unloading 29 unused Assets / (0.7 MB). Loaded Objects now: 3974.
Memory consumption went from 160.6 MB to 159.8 MB.
Total: 7.455700 ms (FindLiveObjects: 0.777500 ms CreateObjectMapping: 0.438700 ms MarkObjects: 5.410600 ms  DeleteObjects: 0.826600 ms)

AssetImportParameters requested are different than current active one (requested -> active):
  custom:video-decoder-ogg-theora: a1e56fd34408186e4bbccfd4996cb3dc -> 
  custom:container-muxer-webm: aa71ff27fc2769a1b78a27578f13a17b -> 
  custom:container-demuxer-webm: 4f35f7cbe854078d1ac9338744f61a02 -> 
  custom:video-encoder-webm-vp8: eb34c28f22e8b96e1ab97ce403110664 -> 
  custom:video-codec-MediaFoundation-h265: 746d11721c4dcdbdad8f713fa42b33f4 -> 
  custom:audio-encoder-webm-vorbis: bf7c407c2cedff20999df2af8eb42d56 -> 
  custom:framework-win-MediaFoundation: 216162199b28c13a410421893ffa2e32 -> 
  custom:container-demuxer-ogg: 62fdf1f143b41e24485cea50d1cbac27 -> 
  custom:video-decoder-webm-vp8: 9c59270c3fd7afecdb556c50c9e8de78 -> 
  custom:audio-decoder-ogg-vorbis: bf7c407c2cedff20999df2af8eb42d56 -> 
========================================================================
Received Import Request.
  Time since last request: 5303.304119 seconds.
  path: Assets/Materials/PointOfLight.png
  artifactKey: Guid(88f1919f6fb34d44cbbc56d89b3203de) Importer(815301076,1909f56bfc062723c751e8b465ee728b)
Start importing Assets/Materials/PointOfLight.png using Guid(88f1919f6fb34d44cbbc56d89b3203de) Importer(815301076,1909f56bfc062723c751e8b465ee728b)  -> (artifact id: 'e54136b91becb739b6fc0f9be2f280ef') in 0.224002 seconds 
========================================================================
Received Import Request.
  Time since last request: 0.000062 seconds.
  path: Assets/Materials/SmokeSpark_mat.mat
  artifactKey: Guid(8a8eb24ae9f8841498ef084446239ec0) Importer(815301076,1909f56bfc062723c751e8b465ee728b)
Start importing Assets/Materials/SmokeSpark_mat.mat using Guid(8a8eb24ae9f8841498ef084446239ec0) Importer(815301076,1909f56bfc062723c751e8b465ee728b)  -> (artifact id: 'deb9dd7813d48e9eee3f82fc264bf358') in 0.237544 seconds 
========================================================================
Received Import Request.
  Time since last request: 0.000053 seconds.
  path: Assets/Materials/Skybox_Mat.mat
  artifactKey: Guid(0ffaa0b7117ba8c47a9d05ae701d4b4d) Importer(815301076,1909f56bfc062723c751e8b465ee728b)
Start importing Assets/Materials/Skybox_Mat.mat using Guid(0ffaa0b7117ba8c47a9d05ae701d4b4d) Importer(815301076,1909f56bfc062723c751e8b465ee728b)  -> (artifact id: '1df38fc727a0405b764092fda463b326') in 0.021729 seconds 
========================================================================
Received Import Request.
  Time since last request: 0.000041 seconds.
  path: Assets/Materials/Blood_Mat.mat
  artifactKey: Guid(86f3720422c1c894f8e0ea8cbc941e9b) Importer(815301076,1909f56bfc062723c751e8b465ee728b)
Start importing Assets/Materials/Blood_Mat.mat using Guid(86f3720422c1c894f8e0ea8cbc941e9b) Importer(815301076,1909f56bfc062723c751e8b465ee728b)  -> (artifact id: '54123138df89c50426074a4463a4ad42') in 0.038408 seconds 
========================================================================
Received Import Request.
  Time since last request: 0.000043 seconds.
  path: Assets/Materials/3d-smoky-cloud-effect-background.jpg
  artifactKey: Guid(22073440ae1d05a4c9fd88115c0e42b0) Importer(815301076,1909f56bfc062723c751e8b465ee728b)
Start importing Assets/Materials/3d-smoky-cloud-effect-background.jpg using Guid(22073440ae1d05a4c9fd88115c0e42b0) Importer(815301076,1909f56bfc062723c751e8b465ee728b)  -> (artifact id: '97ca956d2f995086800f3867783aa7b0') in 0.029175 seconds 
========================================================================
Received Import Request.
  Time since last request: 0.000033 seconds.
  path: Assets/Materials/obs_exp2.mat
  artifactKey: Guid(d626079bd4145af4a86f6c6cfff03562) Importer(815301076,1909f56bfc062723c751e8b465ee728b)
Start importing Assets/Materials/obs_exp2.mat using Guid(d626079bd4145af4a86f6c6cfff03562) Importer(815301076,1909f56bfc062723c751e8b465ee728b)  -> (artifact id: 'e0a52bee71843936bdb269b87a608cc7') in 1.942764 seconds 
========================================================================
Received Import Request.
  Time since last request: 0.000088 seconds.
  path: Assets/Materials/Smoke_mat 1.mat
  artifactKey: Guid(ccad05f731c54ec4d9a4c50e97b5c64b) Importer(815301076,1909f56bfc062723c751e8b465ee728b)
Start importing Assets/Materials/Smoke_mat 1.mat using Guid(ccad05f731c54ec4d9a4c50e97b5c64b) Importer(815301076,1909f56bfc062723c751e8b465ee728b)  -> (artifact id: '0f2f18adbc331acfbd6f92b8311168ee') in 0.070583 seconds 
========================================================================
Received Import Request.
  Time since last request: 0.909183 seconds.
  path: Assets/Scripts/WeaponController.cs
  artifactKey: Guid(ae560e9d2380fb8468affd7bdc37838a) Importer(815301076,1909f56bfc062723c751e8b465ee728b)
Start importing Assets/Scripts/WeaponController.cs using Guid(ae560e9d2380fb8468affd7bdc37838a) Importer(815301076,1909f56bfc062723c751e8b465ee728b)  -> (artifact id: '743795ee0523e27ed7d42db0ef62a896') in 0.051236 seconds 
========================================================================
Received Import Request.
  Time since last request: 0.439367 seconds.
  path: Assets/Scripts/TrainMovement.cs
  artifactKey: Guid(0f3e44ec5e3ec7e4b9b2b2da6a20faeb) Importer(815301076,1909f56bfc062723c751e8b465ee728b)
Start importing Assets/Scripts/TrainMovement.cs using Guid(0f3e44ec5e3ec7e4b9b2b2da6a20faeb) Importer(815301076,1909f56bfc062723c751e8b465ee728b)  -> (artifact id: '6a2092bd9313c819715f57445cad8209') in 0.007658 seconds 
========================================================================
Received Import Request.
  Time since last request: 1.149854 seconds.
  path: Assets/Scripts/TrackManager.cs
  artifactKey: Guid(b520ef485b0262b40b4144d99580bfe0) Importer(815301076,1909f56bfc062723c751e8b465ee728b)
Start importing Assets/Scripts/TrackManager.cs using Guid(b520ef485b0262b40b4144d99580bfe0) Importer(815301076,1909f56bfc062723c751e8b465ee728b)  -> (artifact id: 'ea372617e1407be17ad44ebda40ca775') in 0.009065 seconds 
========================================================================
Received Import Request.
  Time since last request: 0.623057 seconds.
  path: Assets/Scripts/SytheProjectileTrajectory.cs
  artifactKey: Guid(7a633d31e42d1e34a8d4db8acc4f6d81) Importer(815301076,1909f56bfc062723c751e8b465ee728b)
Start importing Assets/Scripts/SytheProjectileTrajectory.cs using Guid(7a633d31e42d1e34a8d4db8acc4f6d81) Importer(815301076,1909f56bfc062723c751e8b465ee728b)  -> (artifact id: '2f92facca6bc3658cbeec144934ad455') in 0.007145 seconds 
========================================================================
Received Import Request.
  Time since last request: 0.503768 seconds.
  path: Assets/Scripts/PlayerMover.cs
  artifactKey: Guid(29f88da8d30d994438683c0cf3a6198b) Importer(815301076,1909f56bfc062723c751e8b465ee728b)
Start importing Assets/Scripts/PlayerMover.cs using Guid(29f88da8d30d994438683c0cf3a6198b) Importer(815301076,1909f56bfc062723c751e8b465ee728b)  -> (artifact id: '0ecc9d97970cbc3ccc61257729353ce7') in 0.007783 seconds 
========================================================================
Received Import Request.
  Time since last request: 0.417129 seconds.
  path: Assets/Scripts/PlayerFollowCamera.cs
  artifactKey: Guid(1538668f256962b4687f29ccefec6fba) Importer(815301076,1909f56bfc062723c751e8b465ee728b)
Start importing Assets/Scripts/PlayerFollowCamera.cs using Guid(1538668f256962b4687f29ccefec6fba) Importer(815301076,1909f56bfc062723c751e8b465ee728b)  -> (artifact id: '290b9be86bc843998a6f96bb1990a944') in 0.007782 seconds 
========================================================================
Received Import Request.
  Time since last request: 0.338173 seconds.
  path: Assets/Scripts/EnemyBehaviour.cs
  artifactKey: Guid(7f98bd1ba28ec0d41b7ee4a6fd7c4f4b) Importer(815301076,1909f56bfc062723c751e8b465ee728b)
Start importing Assets/Scripts/EnemyBehaviour.cs using Guid(7f98bd1ba28ec0d41b7ee4a6fd7c4f4b) Importer(815301076,1909f56bfc062723c751e8b465ee728b)  -> (artifact id: '10b68d2e4614003ae35d8c65533e5831') in 0.007216 seconds 
========================================================================
Received Import Request.
  Time since last request: 0.378271 seconds.
  path: Assets/Scripts/DrawTrack.cs
  artifactKey: Guid(2655d5a652a63904083dbfd38cf96933) Importer(815301076,1909f56bfc062723c751e8b465ee728b)
Start importing Assets/Scripts/DrawTrack.cs using Guid(2655d5a652a63904083dbfd38cf96933) Importer(815301076,1909f56bfc062723c751e8b465ee728b)  -> (artifact id: '92b79bdef1c8c7624801b7cb43580128') in 0.007806 seconds 
========================================================================
Received Import Request.
  Time since last request: 0.355973 seconds.
  path: Assets/Scripts/DestructionCountdown.cs
  artifactKey: Guid(e5a14ed1d00f50849b1e8e0328fe2381) Importer(815301076,1909f56bfc062723c751e8b465ee728b)
Start importing Assets/Scripts/DestructionCountdown.cs using Guid(e5a14ed1d00f50849b1e8e0328fe2381) Importer(815301076,1909f56bfc062723c751e8b465ee728b)  -> (artifact id: '1333fd074bf3db2a687ecab4693d7224') in 0.007170 seconds 
========================================================================
Received Import Request.
  Time since last request: 0.350206 seconds.
  path: Assets/Scripts/BasicMovement.cs
  artifactKey: Guid(f098c2c44e1b3634790871d31d76f8a3) Importer(815301076,1909f56bfc062723c751e8b465ee728b)
Start importing Assets/Scripts/BasicMovement.cs using Guid(f098c2c44e1b3634790871d31d76f8a3) Importer(815301076,1909f56bfc062723c751e8b465ee728b)  -> (artifact id: 'dbfc72a77e53549bbbd969ad63810b3e') in 0.007352 seconds 
========================================================================
Received Import Request.
  Time since last request: 0.357909 seconds.
  path: Assets/Scripts/AttackIdHolder.cs
  artifactKey: Guid(88ce26528c46b1144a4f98e80a419df1) Importer(815301076,1909f56bfc062723c751e8b465ee728b)
Start importing Assets/Scripts/AttackIdHolder.cs using Guid(88ce26528c46b1144a4f98e80a419df1) Importer(815301076,1909f56bfc062723c751e8b465ee728b)  -> (artifact id: '98594911b35cba95ac03356d94f5c9ea') in 0.007402 seconds 
